Diagnose log at 2022-01-04T18:12:38Z

Executable: C:\Program Files\Git\mingw64\libexec\git-core\git-credential-manager-core.exe
Version: 2.0.605+97323d1677

------------
Diagnostic: Environment
Skipped: False
Success: True
Exception: None
Log:
OSType: Windows
OSVersion: 10.0 (build 19042)
Reading environment variables... OK
 Variables:
HOMEPATH=\Users\USER
DriverData=C:\Windows\System32\Drivers\DriverData
COMPUTERNAME=DESKTOP-7S7C4MP
CommonProgramFiles(x86)=C:\Program Files (x86)\Common Files
OneDrive=C:\Users\USER\OneDrive
ChocolateyLastPathUpdate=132677301108301613
ChocolateyToolsLocation=C:\tools
TMP=C:\Users\USER\AppData\Local\Temp
HOME=C:\Users\USER
PROCESSOR_REVISION=a701
PATHEXT=.COM;.EXE;.BAT;.CMD;.VBS;.VBE;.JS;.JSE;.WSF;.WSH;.MSC
GIT_EXEC_PATH=C:/Program Files/Git/mingw64/libexec/git-core
TEMP=C:\Users\USER\AppData\Local\Temp
LOCALAPPDATA=C:\Users\USER\AppData\Local
MSYSTEM=MINGW64
TERM=cygwin
ProgramW6432=C:\Program Files
USERDOMAIN=DESKTOP-7S7C4MP
ProgramFiles(x86)=C:\Program Files (x86)
Path=C:/Program Files/Git/mingw64/libexec/git-core;C:\Program Files\Git\mingw64\bin;C:\Program Files\Git\usr\bin;C:\Users\USER\bin;C:\Program Files\Common Files\Oracle\Java\javapath;C:\Program Files (x86)\Common Files\Oracle\Java\javapath;C:\Windows\system32;C:\Windows;C:\Windows\System32\Wbem;C:\Windows\System32\WindowsPowerShell\v1.0\;C:\Windows\System32\OpenSSH\;C:\Program Files (x86)\NVIDIA Corporation\PhysX\Common;C:\Program Files\NVIDIA Corporation\NVIDIA NvDLISR;C:\Program Files\nodejs\;C:\Program Files\Microsoft SQL Server\130\Tools\Binn\;C:\Program Files\PuTTY\;C:\ProgramData\chocolatey\bin;C:\src\php-8.0.9;C:\ProgramData\ComposerSetup\bin;C:\Users\USER\AppData\Local\Pub\Cache\bin;C:\Users\USER\fvm\default\bin;C:\tools\dart-sdk\bin;C:\src\google-cloud-sdk\bin;C:\src\apache-maven-3.8.4\bin;C:\Program Files\Git\cmd;C:\Users\USER\AppData\Local\Microsoft\WindowsApps;C:\Users\USER\AppData\Roaming\npm;C:\Users\USER\AppData\Roaming\Pub\Cache\bin;C:\src\sqlite3;C:\Users\USER\AppData\Roaming\Composer\vendor\bin;C:\Users\USER\AppData\Local\Programs\Microsoft VS Code\bin
PROCESSOR_LEVEL=6
PROCESSOR_IDENTIFIER=Intel64 Family 6 Model 167 Stepping 1, GenuineIntel
TMPDIR=C:\Users\USER\AppData\Local\Temp
PROMPT=$P$G
PSModulePath=C:\Program Files\WindowsPowerShell\Modules;C:\Windows\system32\WindowsPowerShell\v1.0\Modules
PUBLIC=C:\Users\Public
NUMBER_OF_PROCESSORS=16
CommonProgramFiles=C:\Program Files (x86)\Common Files
PLINK_PROTOCOL=ssh
ProgramData=C:\ProgramData
ProgramFiles=C:\Program Files (x86)
ChocolateyInstall=C:\ProgramData\chocolatey
SystemRoot=C:\Windows
SESSIONNAME=Console
LC_CTYPE=C.UTF-8
CommonProgramW6432=C:\Program Files\Common Files
LOGONSERVER=\\DESKTOP-7S7C4MP
USERPROFILE=C:\Users\USER
USERDOMAIN_ROAMINGPROFILE=DESKTOP-7S7C4MP
APPDATA=C:\Users\USER\AppData\Roaming
HOMEDRIVE=C:
USERNAME=USER
PROCESSOR_ARCHITEW6432=AMD64
PROCESSOR_ARCHITECTURE=x86
OS=Windows_NT
ComSpec=C:\Windows\system32\cmd.exe
SystemDrive=C:
windir=C:\Windows
OneDriveConsumer=C:\Users\USER\OneDrive
ALLUSERSPROFILE=C:\ProgramData


------------
Diagnostic: File system
Skipped: False
Success: True
Exception: None
Log:
Temporary directory is 'C:\Users\USER\AppData\Local\Temp\'...
Checking basic file I/O...
Writing to temporary file 'C:\Users\USER\AppData\Local\Temp\e04145f5b3129bc7beba60d7'... OK
Reading from temporary file 'C:\Users\USER\AppData\Local\Temp\e04145f5b3129bc7beba60d7'... OK
Deleting temporary file 'C:\Users\USER\AppData\Local\Temp\e04145f5b3129bc7beba60d7'... OK
Testing IFileSystem instance...
UserHomePath: C:\Users\USER
UserDataDirectoryPath: C:\Users\USER\.gcm
GetCurrentDirectory(): C:\Users\USER\Documents\Spring Courses

------------
Diagnostic: Networking
Skipped: False
Success: True
Exception: None
Log:
Checking basic networking and HTTP stack...
Creating HTTP client... OK
IsNetworkAvailable: True
Sending HEAD request to http://example.com... OK
Sending HEAD request to https://example.com... OK
Acquiring free TCP port... OK
Testing local HTTP loopback connections...
Creating new HTTP listener for http://localhost:61902/... OK
Waiting for loopback connection... OK
Writing response... OK
Waiting for response data... OK
Loopback connection data OK
Testing with IHttpClientFactory created HTTP client...
Creating HTTP client... OK
IsNetworkAvailable: True
Sending HEAD request to http://example.com... OK
Sending HEAD request to https://example.com... OK
Acquiring free TCP port... OK
Testing local HTTP loopback connections...
Creating new HTTP listener for http://localhost:61904/... OK
Waiting for loopback connection... OK
Writing response... OK
Waiting for response data... OK
Loopback connection data OK

------------
Diagnostic: Git
Skipped: False
Success: True
Exception: None
Log:
Getting Git version... OK
Git version is '2.34.1.windows.1'
Locating current repository... OK
Git repository at 'C:/Users/USER/Documents/Spring Courses/.git'
Listing all Git configuration... OK
Git configuration:
file:C:/Program Files/Git/etc/gitconfig	diff.astextplain.textconv=astextplain
file:C:/Program Files/Git/etc/gitconfig	filter.lfs.clean=git-lfs clean -- %f
file:C:/Program Files/Git/etc/gitconfig	filter.lfs.smudge=git-lfs smudge -- %f
file:C:/Program Files/Git/etc/gitconfig	filter.lfs.process=git-lfs filter-process
file:C:/Program Files/Git/etc/gitconfig	filter.lfs.required=true
file:C:/Program Files/Git/etc/gitconfig	http.sslbackend=openssl
file:C:/Program Files/Git/etc/gitconfig	http.sslcainfo=C:/Program Files/Git/mingw64/ssl/certs/ca-bundle.crt
file:C:/Program Files/Git/etc/gitconfig	core.autocrlf=true
file:C:/Program Files/Git/etc/gitconfig	core.fscache=true
file:C:/Program Files/Git/etc/gitconfig	core.symlinks=false
file:C:/Program Files/Git/etc/gitconfig	pull.rebase=false
file:C:/Program Files/Git/etc/gitconfig	credential.helper=manager-core
file:C:/Program Files/Git/etc/gitconfig	credential.https://dev.azure.com.usehttppath=true
file:C:/Program Files/Git/etc/gitconfig	init.defaultbranch=main
file:C:/Users/USER/.gitconfig	user.name=llullanqui
file:C:/Users/USER/.gitconfig	user.email=luis.1142@hotmail.com
file:C:/Users/USER/.gitconfig	filesystem.Oracle Corporation|11.0.11|-521482540.timestampresolution=1003 microseconds
file:C:/Users/USER/.gitconfig	filesystem.Oracle Corporation|11.0.11|-521482540.minracythreshold=0 nanoseconds
file:C:/Users/USER/.gitconfig	credential.helper=
file:C:/Users/USER/.gitconfig	credential.helper=C:/Program\ Files/Git/mingw64/libexec/git-core/git-credential-manager-core.exe
file:.git/config	core.repositoryformatversion=0
file:.git/config	core.filemode=false
file:.git/config	core.bare=false
file:.git/config	core.logallrefupdates=true
file:.git/config	core.symlinks=false
file:.git/config	core.ignorecase=true
file:.git/config	user.name=llullanqui
file:.git/config	user.email=luis.1142@hotmail.com
file:.git/config	remote.origin.url=https://github.com/llullanqui/Spring-Courses.git
file:.git/config	remote.origin.fetch=+refs/heads/*:refs/remotes/origin/*


------------
Diagnostic: Credential storage
Skipped: False
Success: True
Exception: None
Log:
ICredentialStore instance is of type: CredentialStore
Writing test credential... OK
Reading test credential... OK
Deleting test credential... OK

------------
Diagnostic: Microsoft authentication (AAD/MSA)
Skipped: False
Success: True
Exception: None
Log:
Broker not supported.
Flow type is: Auto
Gathering MSAL token cache data... OK
CacheDirectory: C:\Users\USER\AppData\Local\.IdentityService
CacheFileName: msal.cache
CacheFilePath: C:\Users\USER\AppData\Local\.IdentityService\msal.cache
Creating cache helper... OK
Verifying MSAL token cache persistence... OK

------------
Diagnostic: GitHub API
Skipped: False
Success: True
Exception: None
Log:
Using 'https://github.com/' as API target.
Querying '/meta' endpoint... OK

